<?xml version="1.0" encoding="UTF-8"?>
<!-- Generated by org.testng.reporters.JUnitReportReporter -->
<testsuite hostname="DESKTOP-8ULRVV8" failures="0" tests="6" name="testrunner" time="152.256" errors="0" timestamp="2021-02-13T14:33:39 IST" skipped="0">
  <testcase classname="testrunner" name="feature" time="18.697"/>
  <system-out/>
  <testcase classname="testrunner" name="feature" time="20.058"/>
  <system-out/>
  <testcase classname="testrunner" name="feature" time="20.099"/>
  <system-out/>
  <testcase classname="testrunner" name="feature" time="47.173"/>
  <system-out/>
  <testcase classname="testrunner" name="feature" time="20.312"/>
  <system-out/>
  <testcase classname="testrunner" name="feature" time="25.917"/>
  <system-out/>
</testsuite> <!-- testrunner -->
