<?xml version="1.0" encoding="UTF-8"?>
<!-- Generated by org.testng.reporters.JUnitReportReporter -->
<testsuite hostname="DESKTOP-8ULRVV8" failures="0" tests="6" name="testrunner" time="187.021" errors="0" timestamp="2021-02-13T13:40:30 IST" skipped="0">
  <testcase classname="testrunner" name="feature" time="23.265"/>
  <system-out/>
  <testcase classname="testrunner" name="feature" time="24.292"/>
  <system-out/>
  <testcase classname="testrunner" name="feature" time="38.506"/>
  <system-out/>
  <testcase classname="testrunner" name="feature" time="56.824"/>
  <system-out/>
  <testcase classname="testrunner" name="feature" time="20.456"/>
  <system-out/>
  <testcase classname="testrunner" name="feature" time="23.678"/>
  <system-out/>
</testsuite> <!-- testrunner -->
